<?xml version="1.0" encoding="UTF-8"?>
<testsuite name="SortingTest" tests="1" skipped="0" failures="0" errors="0" timestamp="2020-08-30T14:24:04" hostname="ansagan-Aspire-A715-71G" time="0.196">
  <properties/>
  <testcase name="start" classname="SortingTest" time="0.196"/>
  <system-out><![CDATA[?[1;31m
Start test 1?[0m
> 1 -2   33 4
> 42
> 1                 1
Total numbers: 7
The greatest number: 42 (1 time(s), 14%)?[1;31m
Start test 2?[0m
> 1 2 2 3 4 5 5
Total numbers: 7
The greatest number: 5 (2 time(s), 28%)?[1;31m
Start test 3?[0m
> 1 1 2 2 3 4 4 4
Total numbers: 8
The greatest number: 4 (3 time(s), 37%)?[1;31m
Start test 4?[0m
> 1 -2   333 4
> 42
> 1                 1
Total words: 7
The longest word: 333 (1 time(s), 14%)?[1;31m
Start test 5?[0m
> abcc de a
Total words: 3
The longest word: abcc (1 time(s), 33%)?[1;31m
Start test 6?[0m
> 1 -2   333 4
> 42
> 1                 1
Total lines: 3
The longest line:
1                 1
(1 time(s), 33%)?[1;31m
Start test 7?[0m
> 1111
> 22222
> 3
> 44
Total lines: 4
The longest line:
22222
(1 time(s), 25%)]]></system-out>
  <system-err><![CDATA[]]></system-err>
</testsuite>
